#
# A fatal error has been detected by the Java Runtime Environment:
#
#  EXCEPTION_ACCESS_VIOLATION (0xc0000005) at pc=0x0000000070efa4f0, pid=3020, tid=0x0000000000001cf0
#
# JRE version: OpenJDK Runtime Environment (8.0_152-b01) (build 1.8.0_152-release-915-b01)
# Java VM: OpenJDK 64-Bit Server VM (25.152-b01 mixed mode windows-amd64 compressed oops)
# Problematic frame:
# V  [jvm.dll+0x8a4f0]
#
# Failed to write core dump. Minidumps are not enabled by default on client versions of Windows
#
# If you would like to submit a bug report, please visit:
#   http://bugreport.java.com/bugreport/crash.jsp
#

---------------  T H R E A D  ---------------

Current thread (0x00000000040cc800):  GCTaskThread [stack: 0x0000000013de0000,0x0000000013ee0000] [id=7408]

siginfo: ExceptionCode=0xc0000005, reading address 0x0000000003a00368

Registers:
RAX=0x0000000000000001, RBX=0x00000000f3048098, RCX=0x00000000f3048098, RDX=0x0000000003a00360
RSP=0x0000000013edf838, RBP=0x0000000013edfa00, RSI=0x0000000017b43540, RDI=0x0000000017b43540
R8 =0x0000000017b43540, R9 =0x00000001000001f8, R10=0x0000002b2000003f, R11=0x00000000faa5f5d8
R12=0x0000000071484e50, R13=0x0075006100660065, R14=0x0000000000000000, R15=0x00000000040ccec0
RIP=0x0000000070efa4f0, EFLAGS=0x0000000000010206

Top of Stack: (sp=0x0000000013edf838)
0x0000000013edf838:   000000007123c0d2 0000000000000011
0x0000000013edf848:   0000000000000003 0000000017b43540
0x0000000013edf858:   00000000fa9ad3e1 00000000faa5f4c8
0x0000000013edf868:   0000000000001000 00000044d2105111
0x0000000013edf878:   0000000013edf9a0 0000000000000000
0x0000000013edf888:   00000000040be500 0000000071484e50
0x0000000013edf898:   000000007123c440 00000000faa5f5b4
0x0000000013edf8a8:   0000000013edfa00 0000000017b43540
0x0000000013edf8b8:   0000000017b43540 00000000faa5f5b4
0x0000000013edf8c8:   000000007123cfe5 00000000f303a9f8
0x0000000013edf8d8:   0000000013edfa00 0000000017b43540
0x0000000013edf8e8:   000000007123ed86 000000001955c6a0
0x0000000013edf8f8:   000000000414f040 0000000000003bb8
0x0000000013edf908:   0000000000000777 000000001955cd70
0x0000000013edf918:   0000000070eb2b3e 0000000000000000
0x0000000013edf928:   0000000000000c00 0000000000000000 

Instructions: (pc=0x0000000070efa4f0)
0x0000000070efa4d0:   ac 50 1d 00 48 8b 9c 24 c0 00 00 00 48 81 c4 b0
0x0000000070efa4e0:   00 00 00 5d c3 cc cc cc cc cc cc cc cc cc cc cc
0x0000000070efa4f0:   44 8b 42 08 4c 8b ca 45 85 c0 7e 0e 41 f6 c0 01
0x0000000070efa500:   75 57 41 c1 f8 03 41 8b c0 c3 79 4d 80 3d 9e f3 


Register to memory mapping:

RAX=0x0000000000000001 is an unknown value
RBX=0x00000000f3048098 is an oop

[error occurred during error reporting (printing register info), id 0xc0000005]

Stack: [0x0000000013de0000,0x0000000013ee0000],  sp=0x0000000013edf838,  free space=1022k
Native frames: (J=compiled Java code, j=interpreted, Vv=VM code, C=native code)
V  [jvm.dll+0x8a4f0]


---------------  P R O C E S S  ---------------

Java Threads: ( => current thread )
  0x00000000208d5800 JavaThread "Cache worker for file hash cache (T:\Workspace\AndroidStudioProjects\Quiz\.gradle\4.1\fileHashes)" [_thread_blocked, id=324, stack(0x0000000049530000,0x0000000049630000)]
  0x00000000208d9000 JavaThread "Stdin handler" [_thread_blocked, id=4992, stack(0x0000000049430000,0x0000000049530000)]
  0x00000000208d1800 JavaThread "Asynchronous log dispatcher for DefaultDaemonConnection: socket connection from /127.0.0.1:64199 to /127.0.0.1:64475" [_thread_blocked, id=7284, stack(0x0000000049330000,0x0000000049430000)]
  0x00000000208d8800 JavaThread "Cancel handler" [_thread_blocked, id=3016, stack(0x0000000049230000,0x0000000049330000)]
  0x00000000208d7000 JavaThread "Handler for socket connection from /127.0.0.1:64199 to /127.0.0.1:64475" [_thread_blocked, id=4504, stack(0x0000000049130000,0x0000000049230000)]
  0x00000000208d4800 JavaThread "Daemon worker Thread 4" [_thread_blocked, id=1500, stack(0x0000000047e30000,0x0000000047f30000)]
  0x00000000208d7800 JavaThread "Daemon Thread 4" [_thread_blocked, id=2768, stack(0x0000000047b30000,0x0000000047c30000)]
  0x000000001f2d0000 JavaThread "Java2D Disposer" daemon [_thread_blocked, id=6372, stack(0x0000000029730000,0x0000000029830000)]
  0x000000001e1f3000 JavaThread "Memory manager" [_thread_blocked, id=260, stack(0x0000000023600000,0x0000000023700000)]
  0x000000001aa89800 JavaThread "File lock request listener" [_thread_in_native, id=9272, stack(0x000000001c430000,0x000000001c530000)]
  0x000000001978b000 JavaThread "Cache worker for file hash cache (C:\Users\tomas\.gradle\caches\4.1\fileHashes)" [_thread_blocked, id=2900, stack(0x000000001c330000,0x000000001c430000)]
  0x000000001a8fa800 JavaThread "Daemon periodic checks" [_thread_blocked, id=8136, stack(0x000000001ba30000,0x000000001bb30000)]
  0x000000001a8f5800 JavaThread "Incoming local TCP Connector on port 64199" [_thread_in_native, id=6180, stack(0x000000001b7e0000,0x000000001b8e0000)]
  0x00000000194d5000 JavaThread "Service Thread" daemon [_thread_blocked, id=7248, stack(0x00000000198d0000,0x00000000199d0000)]
  0x0000000017bde000 JavaThread "C1 CompilerThread2" daemon [_thread_blocked, id=7496, stack(0x00000000193d0000,0x00000000194d0000)]
  0x0000000017bdd000 JavaThread "C2 CompilerThread1" daemon [_thread_blocked, id=10048, stack(0x00000000192d0000,0x00000000193d0000)]
  0x0000000017b7a000 JavaThread "C2 CompilerThread0" daemon [_thread_blocked, id=8220, stack(0x00000000191d0000,0x00000000192d0000)]
  0x0000000017b78800 JavaThread "Attach Listener" daemon [_thread_blocked, id=9972, stack(0x00000000190d0000,0x00000000191d0000)]
  0x0000000017b77800 JavaThread "Signal Dispatcher" daemon [_thread_blocked, id=5724, stack(0x0000000018fd0000,0x00000000190d0000)]
  0x0000000017b67000 JavaThread "Finalizer" daemon [_thread_blocked, id=6020, stack(0x0000000018dd0000,0x0000000018ed0000)]
  0x00000000041a1000 JavaThread "Reference Handler" daemon [_thread_blocked, id=2540, stack(0x0000000018cd0000,0x0000000018dd0000)]
  0x000000000420d800 JavaThread "main" [_thread_blocked, id=6292, stack(0x0000000003f60000,0x0000000004060000)]

Other Threads:
  0x0000000017b45800 VMThread [stack: 0x0000000018bd0000,0x0000000018cd0000] [id=1216]
  0x00000000194d6000 WatcherThread [stack: 0x00000000199d0000,0x0000000019ad0000] [id=676]

=>0x00000000040cc800 (exited) GCTaskThread [stack: 0x0000000013de0000,0x0000000013ee0000] [id=7408]

VM state:at safepoint (normal execution)

VM Mutex/Monitor currently owned by a thread:  ([mutex/lock_event])
[0x000000000420c5c0] Threads_lock - owner thread: 0x0000000017b45800
[0x000000000420c4c0] Heap_lock - owner thread: 0x00000000208d9000

Heap:
 PSYoungGen      total 325632K, used 325453K [0x00000000e0000000, 0x00000000ff100000, 0x0000000100000000)
  eden space 278528K, 100% used [0x00000000e0000000,0x00000000f1000000,0x00000000f1000000)
  from space 47104K, 99% used [0x00000000f1000000,0x00000000f3dd36f8,0x00000000f3e00000)
  to   space 115200K, 42% used [0x00000000f8080000,0x00000000fb0c74e8,0x00000000ff100000)
 ParOldGen       total 234496K, used 134531K [0x00000000a0000000, 0x00000000ae500000, 0x00000000e0000000)
  object space 234496K, 57% used [0x00000000a0000000,0x00000000a8360f28,0x00000000ae500000)
 Metaspace       used 134748K, capacity 143144K, committed 143436K, reserved 1173504K
  class space    used 16996K, capacity 18995K, committed 19072K, reserved 1048576K

Card table byte_map: [0x00000000135d0000,0x00000000138e0000] byte_map_base: 0x00000000130d0000

Marking Bits: (ParMarkBitMap*) 0x0000000071633950
 Begin Bits: [0x0000000013ee0000, 0x00000000156e0000)
 End Bits:   [0x00000000156e0000, 0x0000000016ee0000)

Polling page: 0x0000000004060000

CodeCache: size=245760Kb used=77918Kb max_used=78021Kb free=167841Kb
 bounds [0x0000000004210000, 0x0000000008eb0000, 0x0000000013210000]
 total_blobs=22471 nmethods=21468 adapters=914
 compilation: enabled

Compilation events (10 events):
Event: 2573.840 Thread 0x0000000017bde000 nmethod 28059 0x000000000496bf90 code [0x000000000496c0e0, 0x000000000496c230]
Event: 2573.845 Thread 0x0000000017bdd000 28060       4       org.gradle.internal.service.DefaultServiceRegistry::assertMutable (40 bytes)
Event: 2573.846 Thread 0x0000000017bdd000 nmethod 28060 0x0000000005b72210 code [0x0000000005b72340, 0x0000000005b723b8]
Event: 2573.851 Thread 0x0000000017bde000 28061       3       java.util.concurrent.AbstractExecutorService::<init> (5 bytes)
Event: 2573.852 Thread 0x0000000017bde000 nmethod 28061 0x0000000004a66b50 code [0x0000000004a66cc0, 0x0000000004a66e70]
Event: 2573.857 Thread 0x0000000017bdd000 28062       4       com.google.common.cache.LocalCache::evictsBySize (15 bytes)
Event: 2573.857 Thread 0x0000000017bde000 28063       3       org.gradle.internal.service.scopes.AbstractPluginServiceRegistry::registerGradleServices (1 bytes)
Event: 2573.857 Thread 0x0000000017bdd000 nmethod 28062 0x0000000008a51fd0 code [0x0000000008a52100, 0x0000000008a52178]
Event: 2573.857 Thread 0x0000000017bde000 nmethod 28063 0x000000000516e410 code [0x000000000516e560, 0x000000000516e6b0]
Event: 2573.858 Thread 0x0000000017b7a000 nmethod 28057 0x0000000004c0d550 code [0x0000000004c0d7a0, 0x0000000004c0e6a8]

GC Heap History (10 events):
Event: 2369.752 GC heap after
Heap after GC invocations=41 (full 4):
 PSYoungGen      total 400384K, used 92910K [0x00000000e0000000, 0x0000000100000000, 0x0000000100000000)
  eden space 296448K, 0% used [0x00000000e0000000,0x00000000e0000000,0x00000000f2180000)
  from space 103936K, 89% used [0x00000000f2180000,0x00000000f7c3ba30,0x00000000f8700000)
  to   space 116224K, 0% used [0x00000000f8e80000,0x00000000f8e80000,0x0000000100000000)
 ParOldGen       total 234496K, used 129026K [0x00000000a0000000, 0x00000000ae500000, 0x00000000e0000000)
  object space 234496K, 55% used [0x00000000a0000000,0x00000000a7e00a48,0x00000000ae500000)
 Metaspace       used 112994K, capacity 118844K, committed 119116K, reserved 1153024K
  class space    used 14242K, capacity 15663K, committed 15744K, reserved 1048576K
}
Event: 2380.129 GC heap before
{Heap before GC invocations=42 (full 4):
 PSYoungGen      total 400384K, used 389358K [0x00000000e0000000, 0x0000000100000000, 0x0000000100000000)
  eden space 296448K, 100% used [0x00000000e0000000,0x00000000f2180000,0x00000000f2180000)
  from space 103936K, 89% used [0x00000000f2180000,0x00000000f7c3ba30,0x00000000f8700000)
  to   space 116224K, 0% used [0x00000000f8e80000,0x00000000f8e80000,0x0000000100000000)
 ParOldGen       total 234496K, used 129026K [0x00000000a0000000, 0x00000000ae500000, 0x00000000e0000000)
  object space 234496K, 55% used [0x00000000a0000000,0x00000000a7e00a48,0x00000000ae500000)
 Metaspace       used 113059K, capacity 118860K, committed 119116K, reserved 1153024K
  class space    used 14243K, capacity 15665K, committed 15744K, reserved 1048576K
Event: 2380.192 GC heap after
Heap after GC invocations=42 (full 4):
 PSYoungGen      total 413184K, used 39388K [0x00000000e0000000, 0x0000000100000000, 0x0000000100000000)
  eden space 296960K, 0% used [0x00000000e0000000,0x00000000e0000000,0x00000000f2200000)
  from space 116224K, 33% used [0x00000000f8e80000,0x00000000fb4f7158,0x0000000100000000)
  to   space 111104K, 0% used [0x00000000f2200000,0x00000000f2200000,0x00000000f8e80000)
 ParOldGen       total 234496K, used 129034K [0x00000000a0000000, 0x00000000ae500000, 0x00000000e0000000)
  object space 234496K, 55% used [0x00000000a0000000,0x00000000a7e02a48,0x00000000ae500000)
 Metaspace       used 113059K, capacity 118860K, committed 119116K, reserved 1153024K
  class space    used 14243K, capacity 15665K, committed 15744K, reserved 1048576K
}
Event: 2381.423 GC heap before
{Heap before GC invocations=43 (full 4):
 PSYoungGen      total 413184K, used 335987K [0x00000000e0000000, 0x0000000100000000, 0x0000000100000000)
  eden space 296960K, 99% used [0x00000000e0000000,0x00000000f21a5b48,0x00000000f2200000)
  from space 116224K, 33% used [0x00000000f8e80000,0x00000000fb4f7158,0x0000000100000000)
  to   space 111104K, 0% used [0x00000000f2200000,0x00000000f2200000,0x00000000f8e80000)
 ParOldGen       total 234496K, used 129034K [0x00000000a0000000, 0x00000000ae500000, 0x00000000e0000000)
  object space 234496K, 55% used [0x00000000a0000000,0x00000000a7e02a48,0x00000000ae500000)
 Metaspace       used 113067K, capacity 118860K, committed 119116K, reserved 1153024K
  class space    used 14243K, capacity 15665K, committed 15744K, reserved 1048576K
Event: 2381.472 GC heap after
Heap after GC invocations=43 (full 4):
 PSYoungGen      total 397312K, used 100286K [0x00000000e0000000, 0x0000000100000000, 0x0000000100000000)
  eden space 296960K, 0% used [0x00000000e0000000,0x00000000e0000000,0x00000000f2200000)
  from space 100352K, 99% used [0x00000000f2200000,0x00000000f83efb20,0x00000000f8400000)
  to   space 124416K, 0% used [0x00000000f8680000,0x00000000f8680000,0x0000000100000000)
 ParOldGen       total 234496K, used 132918K [0x00000000a0000000, 0x00000000ae500000, 0x00000000e0000000)
  object space 234496K, 56% used [0x00000000a0000000,0x00000000a81cdae8,0x00000000ae500000)
 Metaspace       used 113067K, capacity 118860K, committed 119116K, reserved 1153024K
  class space    used 14243K, capacity 15665K, committed 15744K, reserved 1048576K
}
Event: 2538.712 GC heap before
{Heap before GC invocations=44 (full 4):
 PSYoungGen      total 397312K, used 397246K [0x00000000e0000000, 0x0000000100000000, 0x0000000100000000)
  eden space 296960K, 100% used [0x00000000e0000000,0x00000000f2200000,0x00000000f2200000)
  from space 100352K, 99% used [0x00000000f2200000,0x00000000f83efb20,0x00000000f8400000)
  to   space 124416K, 0% used [0x00000000f8680000,0x00000000f8680000,0x0000000100000000)
 ParOldGen       total 234496K, used 132918K [0x00000000a0000000, 0x00000000ae500000, 0x00000000e0000000)
  object space 234496K, 56% used [0x00000000a0000000,0x00000000a81cdae8,0x00000000ae500000)
 Metaspace       used 113827K, capacity 119936K, committed 120140K, reserved 1153024K
  class space    used 14333K, capacity 15874K, committed 16000K, reserved 1048576K
Event: 2538.747 GC heap after
Heap after GC invocations=44 (full 4):
 PSYoungGen      total 402944K, used 27021K [0x00000000e0000000, 0x0000000100000000, 0x0000000100000000)
  eden space 278528K, 0% used [0x00000000e0000000,0x00000000e0000000,0x00000000f1000000)
  from space 124416K, 21% used [0x00000000f8680000,0x00000000fa0e35d0,0x0000000100000000)
  to   space 121344K, 0% used [0x00000000f1000000,0x00000000f1000000,0x00000000f8680000)
 ParOldGen       total 234496K, used 134251K [0x00000000a0000000, 0x00000000ae500000, 0x00000000e0000000)
  object space 234496K, 57% used [0x00000000a0000000,0x00000000a831af28,0x00000000ae500000)
 Metaspace       used 113827K, capacity 119936K, committed 120140K, reserved 1153024K
  class space    used 14333K, capacity 15874K, committed 16000K, reserved 1048576K
}
Event: 2567.741 GC heap before
{Heap before GC invocations=45 (full 4):
 PSYoungGen      total 402944K, used 305549K [0x00000000e0000000, 0x0000000100000000, 0x0000000100000000)
  eden space 278528K, 100% used [0x00000000e0000000,0x00000000f1000000,0x00000000f1000000)
  from space 124416K, 21% used [0x00000000f8680000,0x00000000fa0e35d0,0x0000000100000000)
  to   space 121344K, 0% used [0x00000000f1000000,0x00000000f1000000,0x00000000f8680000)
 ParOldGen       total 234496K, used 134251K [0x00000000a0000000, 0x00000000ae500000, 0x00000000e0000000)
  object space 234496K, 57% used [0x00000000a0000000,0x00000000a831af28,0x00000000ae500000)
 Metaspace       used 125318K, capacity 132052K, committed 132300K, reserved 1165312K
  class space    used 15700K, capacity 17398K, committed 17408K, reserved 1048576K
Event: 2567.803 GC heap after
Heap after GC invocations=45 (full 4):
 PSYoungGen      total 325632K, used 46925K [0x00000000e0000000, 0x00000000ff100000, 0x0000000100000000)
  eden space 278528K, 0% used [0x00000000e0000000,0x00000000e0000000,0x00000000f1000000)
  from space 47104K, 99% used [0x00000000f1000000,0x00000000f3dd36f8,0x00000000f3e00000)
  to   space 115200K, 0% used [0x00000000f8080000,0x00000000f8080000,0x00000000ff100000)
 ParOldGen       total 234496K, used 134275K [0x00000000a0000000, 0x00000000ae500000, 0x00000000e0000000)
  object space 234496K, 57% used [0x00000000a0000000,0x00000000a8320f28,0x00000000ae500000)
 Metaspace       used 125318K, capacity 132052K, committed 132300K, reserved 1165312K
  class space    used 15700K, capacity 17398K, committed 17408K, reserved 1048576K
}
Event: 2573.875 GC heap before
{Heap before GC invocations=46 (full 4):
 PSYoungGen      total 325632K, used 325453K [0x00000000e0000000, 0x00000000ff100000, 0x0000000100000000)
  eden space 278528K, 100% used [0x00000000e0000000,0x00000000f1000000,0x00000000f1000000)
  from space 47104K, 99% used [0x00000000f1000000,0x00000000f3dd36f8,0x00000000f3e00000)
  to   space 115200K, 0% used [0x00000000f8080000,0x00000000f8080000,0x00000000ff100000)
 ParOldGen       total 234496K, used 134275K [0x00000000a0000000, 0x00000000ae500000, 0x00000000e0000000)
  object space 234496K, 57% used [0x00000000a0000000,0x00000000a8320f28,0x00000000ae500000)
 Metaspace       used 134748K, capacity 143144K, committed 143436K, reserved 1173504K
  class space    used 16996K, capacity 18995K, committed 19072K, reserved 1048576K

Deoptimization events (10 events):
Event: 2568.863 Thread 0x00000000208d4800 Uncommon trap: reason=class_check action=maybe_recompile pc=0x00000000049e8100 method=java.util.Comparator.lambda$comparing$77a9974f$1(Ljava/util/function/Function;Ljava/lang/Object;Ljava/lang/Object;)I @ 2
Event: 2568.863 Thread 0x00000000208d4800 Uncommon trap: reason=class_check action=maybe_recompile pc=0x00000000049e8100 method=java.util.Comparator.lambda$comparing$77a9974f$1(Ljava/util/function/Function;Ljava/lang/Object;Ljava/lang/Object;)I @ 2
Event: 2569.579 Thread 0x00000000208d4800 Uncommon trap: reason=array_check action=maybe_recompile pc=0x00000000057563c0 method=java.util.ComparableTimSort.mergeHi(IIII)V @ 245
Event: 2569.728 Thread 0x00000000208d4800 Uncommon trap: reason=predicate action=maybe_recompile pc=0x0000000008ab5288 method=java.util.ComparableTimSort.mergeHi(IIII)V @ 185
Event: 2569.812 Thread 0x00000000208d4800 Uncommon trap: reason=array_check action=maybe_recompile pc=0x0000000005756440 method=java.util.ComparableTimSort.mergeHi(IIII)V @ 277
Event: 2569.936 Thread 0x00000000208d4800 Uncommon trap: reason=array_check action=maybe_recompile pc=0x000000000614964c method=java.util.ComparableTimSort.mergeHi(IIII)V @ 654
Event: 2570.031 Thread 0x00000000208d4800 Uncommon trap: reason=array_check action=maybe_recompile pc=0x000000000614964c method=java.util.ComparableTimSort.mergeHi(IIII)V @ 654
Event: 2570.360 Thread 0x00000000208d4800 Uncommon trap: reason=array_check action=maybe_recompile pc=0x0000000005756440 method=java.util.ComparableTimSort.mergeHi(IIII)V @ 277
Event: 2571.629 Thread 0x00000000208d4800 Uncommon trap: reason=array_check action=maybe_recompile pc=0x0000000007bc9abc method=java.util.ComparableTimSort.mergeHi(IIII)V @ 415
Event: 2571.629 Thread 0x00000000208d4800 Uncommon trap: reason=array_check action=maybe_recompile pc=0x0000000007bc9abc method=java.util.ComparableTimSort.mergeHi(IIII)V @ 415

Classes redefined (0 events):
No events

Internal exceptions (10 events):
Event: 2570.335 Thread 0x00000000208d4800 Exception <a 'java/lang/ClassNotFoundException': com/android/build/gradle/internal/tasks/UninstallTask_DecoratedCustomizer> (0x00000000ed755748) thrown at [D:\src\AOSP-openjdk-cygwin\jdk8u\hotspot\src\share\vm\classfile\systemDictionary.cpp, line 210]
Event: 2570.337 Thread 0x00000000208d4800 Exception <a 'java/lang/ClassNotFoundException': com/android/build/gradle/internal/tasks/ValidateSigningTask_DecoratedBeanInfo> (0x00000000ed7d30c8) thrown at [D:\src\AOSP-openjdk-cygwin\jdk8u\hotspot\src\share\vm\classfile\systemDictionary.cpp, line 210]
Event: 2570.338 Thread 0x00000000208d4800 Exception <a 'java/lang/ClassNotFoundException': com/android/build/gradle/internal/tasks/ValidateSigningTaskBeanInfo> (0x00000000ed7e8b40) thrown at [D:\src\AOSP-openjdk-cygwin\jdk8u\hotspot\src\share\vm\classfile\systemDictionary.cpp, line 210]
Event: 2570.338 Thread 0x00000000208d4800 Exception <a 'java/lang/ClassNotFoundException': com/android/build/gradle/internal/tasks/ValidateSigningTaskCustomizer> (0x00000000ed7febf0) thrown at [D:\src\AOSP-openjdk-cygwin\jdk8u\hotspot\src\share\vm\classfile\systemDictionary.cpp, line 210]
Event: 2570.339 Thread 0x00000000208d4800 Exception <a 'java/lang/ClassNotFoundException': com/android/build/gradle/internal/tasks/ValidateSigningTask_DecoratedCustomizer> (0x00000000ed829db8) thrown at [D:\src\AOSP-openjdk-cygwin\jdk8u\hotspot\src\share\vm\classfile\systemDictionary.cpp, line 21
Event: 2570.342 Thread 0x00000000208d4800 Exception <a 'java/lang/ClassNotFoundException': com/android/build/gradle/internal/tasks/ApplicationIdWriterTask_DecoratedBeanInfo> (0x00000000ed8a39a0) thrown at [D:\src\AOSP-openjdk-cygwin\jdk8u\hotspot\src\share\vm\classfile\systemDictionary.cpp, line 
Event: 2570.342 Thread 0x00000000208d4800 Exception <a 'java/lang/ClassNotFoundException': com/android/build/gradle/internal/tasks/ApplicationIdWriterTaskBeanInfo> (0x00000000ed8b9d18) thrown at [D:\src\AOSP-openjdk-cygwin\jdk8u\hotspot\src\share\vm\classfile\systemDictionary.cpp, line 210]
Event: 2570.343 Thread 0x00000000208d4800 Exception <a 'java/lang/ClassNotFoundException': com/android/build/gradle/internal/tasks/ApplicationIdWriterTaskCustomizer> (0x00000000ed8d06c8) thrown at [D:\src\AOSP-openjdk-cygwin\jdk8u\hotspot\src\share\vm\classfile\systemDictionary.cpp, line 210]
Event: 2570.343 Thread 0x00000000208d4800 Exception <a 'java/lang/ClassNotFoundException': com/android/build/gradle/internal/tasks/ApplicationIdWriterTask_DecoratedCustomizer> (0x00000000ed8fcce0) thrown at [D:\src\AOSP-openjdk-cygwin\jdk8u\hotspot\src\share\vm\classfile\systemDictionary.cpp, lin
Event: 2571.734 Thread 0x00000000208d4800 Exception <a 'sun/nio/fs/WindowsException'> (0x00000000eff9e680) thrown at [D:\src\AOSP-openjdk-cygwin\jdk8u\hotspot\src\share\vm\prims\jni.cpp, line 709]

Events (10 events):
Event: 2573.841 Thread 0x0000000017bde000 flushing nmethod 0x0000000004aaf950
Event: 2573.841 Thread 0x0000000017bde000 flushing nmethod 0x0000000004c0d350
Event: 2573.852 Thread 0x00000000208d5800 Thread added: 0x00000000208d5800
Event: 2573.852 Thread 0x0000000017bde000 flushing nmethod 0x00000000051572d0
Event: 2573.852 Thread 0x0000000017bde000 flushing nmethod 0x000000000516e410
Event: 2573.853 Thread 0x0000000017bde000 flushing nmethod 0x0000000005190cd0
Event: 2573.853 Thread 0x0000000017bde000 flushing nmethod 0x00000000051b2510
Event: 2573.853 Thread 0x0000000017bde000 flushing nmethod 0x00000000051c8790
Event: 2573.853 Thread 0x0000000017bde000 flushing nmethod 0x00000000051cd210
Event: 2573.874 Executing VM operation: ParallelGCFailedAllocation


Dynamic libraries:
0x00007ff62bde0000 - 0x00007ff62be11000 	T:\Programy\AndroidStudio\jre\bin\java.exe
0x00007ffac17f0000 - 0x00007ffac19d0000 	C:\WINDOWS\SYSTEM32\ntdll.dll
0x00007ffaa5790000 - 0x00007ffaa57c4000 	C:\Program Files\AVG\Antivirus\x64\aswhooka.dll
0x00007ffabecc0000 - 0x00007ffabed6e000 	C:\WINDOWS\System32\KERNEL32.DLL
0x00007ffabe650000 - 0x00007ffabe8b6000 	C:\WINDOWS\System32\KERNELBASE.dll
0x00007ffac1360000 - 0x00007ffac1401000 	C:\WINDOWS\System32\ADVAPI32.dll
0x00007ffabefd0000 - 0x00007ffabf06d000 	C:\WINDOWS\System32\msvcrt.dll
0x00007ffac1760000 - 0x00007ffac17bb000 	C:\WINDOWS\System32\sechost.dll
0x00007ffac1620000 - 0x00007ffac173f000 	C:\WINDOWS\System32\RPCRT4.dll
0x00007ffac1410000 - 0x00007ffac159f000 	C:\WINDOWS\System32\USER32.dll
0x00007ffabe630000 - 0x00007ffabe650000 	C:\WINDOWS\System32\win32u.dll
0x00007ffabf450000 - 0x00007ffabf478000 	C:\WINDOWS\System32\GDI32.dll
0x00007ffabe390000 - 0x00007ffabe523000 	C:\WINDOWS\System32\gdi32full.dll
0x00007ffabeb10000 - 0x00007ffabebab000 	C:\WINDOWS\System32\msvcp_win.dll
0x00007ffabe530000 - 0x00007ffabe626000 	C:\WINDOWS\System32\ucrtbase.dll
0x00007ffaaf120000 - 0x00007ffaaf389000 	C:\WINDOWS\WinSxS\amd64_microsoft.windows.common-controls_6595b64144ccf1df_6.0.16299.371_none_15c7d1789365a290\COMCTL32.dll
0x00007ffabf140000 - 0x00007ffabf448000 	C:\WINDOWS\System32\combase.dll
0x00007ffabea90000 - 0x00007ffabeb02000 	C:\WINDOWS\System32\bcryptPrimitives.dll
0x00007ffac0d20000 - 0x00007ffac0d4d000 	C:\WINDOWS\System32\IMM32.DLL
0x00007ffabd960000 - 0x00007ffabd997000 	C:\WINDOWS\system32\DriverStore\FileRepository\nvsmui.inf_amd64_2b01ef65464d0589\nvinitx.dll
0x00007ffabd950000 - 0x00007ffabd95a000 	C:\WINDOWS\SYSTEM32\VERSION.dll
0x00007ffabf540000 - 0x00007ffac0976000 	C:\WINDOWS\System32\Shell32.dll
0x00007ffabe340000 - 0x00007ffabe38a000 	C:\WINDOWS\System32\cfgmgr32.dll
0x00007ffac0aa0000 - 0x00007ffac0b46000 	C:\WINDOWS\System32\shcore.dll
0x00007ffabdbf0000 - 0x00007ffabe337000 	C:\WINDOWS\System32\windows.storage.dll
0x00007ffabf4e0000 - 0x00007ffabf531000 	C:\WINDOWS\System32\shlwapi.dll
0x00007ffabdb90000 - 0x00007ffabdba1000 	C:\WINDOWS\System32\kernel.appcore.dll
0x00007ffabdb40000 - 0x00007ffabdb8c000 	C:\WINDOWS\System32\powrprof.dll
0x00007ffabdbd0000 - 0x00007ffabdbeb000 	C:\WINDOWS\System32\profapi.dll
0x0000000072cb0000 - 0x0000000072cb6000 	C:\Program Files\NVIDIA Corporation\CoProcManager\_etoured.dll
0x00007ffab8450000 - 0x00007ffab8494000 	C:\Program Files\NVIDIA Corporation\CoProcManager\nvd3d9wrapx.dll
0x00007ffac0d50000 - 0x00007ffac119e000 	C:\WINDOWS\System32\SETUPAPI.dll
0x00007ffab8420000 - 0x00007ffab844e000 	C:\Program Files\NVIDIA Corporation\CoProcManager\nvdxgiwrapx.dll
0x0000000071dc0000 - 0x0000000071e92000 	T:\Programy\AndroidStudio\jre\jre\bin\msvcr100.dll
0x0000000070e70000 - 0x00000000716ae000 	T:\Programy\AndroidStudio\jre\jre\bin\server\jvm.dll
0x00007ffac1750000 - 0x00007ffac1758000 	C:\WINDOWS\System32\PSAPI.DLL
0x00007ffaba0f0000 - 0x00007ffaba0f9000 	C:\WINDOWS\SYSTEM32\WSOCK32.dll
0x00007ffabef60000 - 0x00007ffabefcc000 	C:\WINDOWS\System32\WS2_32.dll
0x00007ffabb380000 - 0x00007ffabb3a3000 	C:\WINDOWS\SYSTEM32\WINMM.dll
0x00007ffabb350000 - 0x00007ffabb37a000 	C:\WINDOWS\SYSTEM32\WINMMBASE.dll
0x00007ffaba040000 - 0x00007ffaba04f000 	T:\Programy\AndroidStudio\jre\jre\bin\verify.dll
0x00007ffab94d0000 - 0x00007ffab94f9000 	T:\Programy\AndroidStudio\jre\jre\bin\java.dll
0x00007ffab9e50000 - 0x00007ffab9e66000 	T:\Programy\AndroidStudio\jre\jre\bin\zip.dll
0x00007ffab9620000 - 0x00007ffab963a000 	T:\Programy\AndroidStudio\jre\jre\bin\net.dll
0x00007ffabd320000 - 0x00007ffabd386000 	C:\WINDOWS\system32\mswsock.dll
0x00007ffab9540000 - 0x00007ffab9551000 	T:\Programy\AndroidStudio\jre\jre\bin\nio.dll
0x00007ffab1220000 - 0x00007ffab123e000 	C:\Users\tomas\.gradle\native\25\windows-amd64\native-platform.dll
0x00007ffaba010000 - 0x00007ffaba01d000 	T:\Programy\AndroidStudio\jre\jre\bin\management.dll
0x00007ffabd4e0000 - 0x00007ffabd4f7000 	C:\WINDOWS\SYSTEM32\CRYPTSP.dll
0x00007ffabcf20000 - 0x00007ffabcf53000 	C:\WINDOWS\system32\rsaenh.dll
0x00007ffabd5f0000 - 0x00007ffabd615000 	C:\WINDOWS\SYSTEM32\bcrypt.dll
0x00007ffabda70000 - 0x00007ffabda99000 	C:\WINDOWS\SYSTEM32\USERENV.dll
0x00007ffabd500000 - 0x00007ffabd50b000 	C:\WINDOWS\SYSTEM32\CRYPTBASE.dll
0x00007ffabd0b0000 - 0x00007ffabd0e9000 	C:\WINDOWS\SYSTEM32\IPHLPAPI.DLL
0x00007ffac1740000 - 0x00007ffac1748000 	C:\WINDOWS\System32\NSI.dll
0x00007ffab83e0000 - 0x00007ffab83f6000 	C:\WINDOWS\SYSTEM32\dhcpcsvc6.DLL
0x00007ffab8270000 - 0x00007ffab828a000 	C:\WINDOWS\SYSTEM32\dhcpcsvc.DLL
0x00007ffaaa390000 - 0x00007ffaaa3b4000 	T:\Programy\AndroidStudio\jre\jre\bin\sunec.dll
0x00007ffabd100000 - 0x00007ffabd1b6000 	C:\WINDOWS\SYSTEM32\DNSAPI.dll
0x00007ffab24d0000 - 0x00007ffab24da000 	C:\Windows\System32\rasadhlp.dll
0x00007ffab7360000 - 0x00007ffab73d0000 	C:\WINDOWS\System32\fwpuclnt.dll
0x00007ffab5480000 - 0x00007ffab548b000 	T:\Programy\AndroidStudio\jre\jre\bin\sunmscapi.dll
0x00007ffabe8c0000 - 0x00007ffabea8e000 	C:\WINDOWS\System32\CRYPT32.dll
0x000000001bc30000 - 0x000000001bc42000 	C:\WINDOWS\System32\MSASN1.dll
0x00007ffab2c90000 - 0x00007ffab2e25000 	T:\Programy\AndroidStudio\jre\jre\bin\awt.dll
0x00007ffabf070000 - 0x00007ffabf135000 	C:\WINDOWS\System32\OLEAUT32.dll
0x00007ffababe0000 - 0x00007ffabb198000 	C:\WINDOWS\SYSTEM32\d2d1.dll
0x00007ffabbd90000 - 0x00007ffabbe18000 	C:\WINDOWS\SYSTEM32\apphelp.dll
0x00007ffabc390000 - 0x00007ffabc3ba000 	C:\WINDOWS\system32\DWMAPI.DLL
0x00007ffabc120000 - 0x00007ffabc1b5000 	C:\WINDOWS\system32\uxtheme.dll
0x00007ffabcc20000 - 0x00007ffabcc51000 	C:\WINDOWS\SYSTEM32\ntmarta.dll
0x00007ffaac910000 - 0x00007ffaacad8000 	C:\WINDOWS\SYSTEM32\dbghelp.dll

VM Arguments:
jvm_args: -Xmx1536m -Dfile.encoding=windows-1250 -Duser.country=PL -Duser.language=pl -Duser.variant 
java_command: org.gradle.launcher.daemon.bootstrap.GradleDaemon 4.1
java_class_path (initial): C:\Users\tomas\.gradle\wrapper\dists\gradle-4.1-all\bzyivzo6n839fup2jbap0tjew\gradle-4.1\lib\gradle-launcher-4.1.jar
Launcher Type: SUN_STANDARD

Environment Variables:
PATH=C:\ProgramData\Oracle\Java\javapath;T:\Programy\OpenSim\bin;C:\Program Files\NVIDIA GPU Computing Toolkit\CUDA\v9.0\bin;C:\Program Files\NVIDIA GPU Computing Toolkit\CUDA\v9.0\libnvvp;C:\Program Files\NVIDIA GPU Computing Toolkit\CUDA\v9.1\bin;C:\Program Files\NVIDIA GPU Computing Toolkit\CUDA\v9.1\libnvvp;C:\WINDOWS\system32;C:\WINDOWS;C:\WINDOWS\System32\Wbem;C:\WINDOWS\System32\WindowsPowerShell\v1.0\;T:\Programy\MATLAB\R2017b\bin;C:\Program Files (x86)\NVIDIA Corporation\PhysX\Common;T:\Programy\Git\cmd;T:\Programy\Python\Scripts\;T:\Programy\Python\;C:\Users\tomas\AppData\Local\Microsoft\WindowsApps
USERNAME=tomas
OS=Windows_NT
PROCESSOR_IDENTIFIER=Intel64 Family 6 Model 42 Stepping 7, GenuineIntel



---------------  S Y S T E M  ---------------

OS: Windows 10.0 , 64 bit Build 16299 (10.0.16299.15)

CPU:total 4 (initial active 4) (2 cores per cpu, 2 threads per core) family 6 model 42 stepping 7, cmov, cx8, fxsr, mmx, sse, sse2, sse3, ssse3, sse4.1, sse4.2, popcnt, avx, aes, clmul, ht, tsc, tscinvbit

Memory: 4k page, physical 8300084k(3446532k free), swap 9610804k(4137464k free)

vm_info: OpenJDK 64-Bit Server VM (25.152-b01) for windows-amd64 JRE (1.8.0_152-release-915-b01), built by "builder" with MS VC++ 10.0 (VS2010)

time: Fri Apr 13 22:44:09 2018
elapsed time: 2574 seconds (0d 0h 42m 54s)

